18:48:57.586 [LUCY] INFO   - 

-------------------------------------------------------------------------------------
     _______. _______ .______       _______ .__   __.  __  .___________.____    ____ 
    /       ||   ____||   _  \     |   ____||  \ |  | |  | |           |\   \  /   / 
   |   (----`|  |__   |  |_)  |    |  |__   |   \|  | |  | `---|  |----` \   \/   /  
    \   \    |   __|  |      /     |   __|  |  . `  | |  |     |  |       \_    _/   
.----)   |   |  |____ |  |\  \----.|  |____ |  |\   | |  |     |  |         |  |     
|_______/    |_______|| _| `._____||_______||__| \__| |__|     |__|         |__|    
                                                                                     
 News and tutorials at https://serenity-bdd.info                                     
 Documentation at https://serenity-bdd.github.io                                     
 Test Automation Training and Coaching: https://www.serenity-dojo.com                
 Commercial Support: https://www.serenity-dojo.com/serenity-bdd-enterprise-support   
 Join the Serenity Community on Gitter: https://gitter.im/serenity-bdd/serenity-core 
-------------------------------------------------------------------------------------

18:48:57.599 [LUCY] INFO   - Test Suite Started: Yo como cliente corporativo quiero aprobar una transferencia
18:48:57.735 [LUCY] INFO   - Test Suite Started: Yo como cliente corporativo quiero aprobar una transferencia
18:48:58.034 [LUCY] INFO   - 
  _____   ___   ___   _____     ___   _____     _     ___   _____   ___   ___  
 |_   _| | __| / __| |_   _|   / __| |_   _|   /_\   | _ \ |_   _| | __| |   \ 
   | |   | _|  \__ \   | |     \__ \   | |    / _ \  |   /   | |   | _|  | |) |
   |_|   |___| |___/   |_|     |___/   |_|   /_/ \_\ |_|_\   |_|   |___| |___/ 

DescargarArchivo(yo-como-cliente-corporativo-quiero-aprobar-una-transferencia;descargararchivo)
--------------------------------------------------------------------------------
18:48:58.061 [LUCY] INFO   - |-- 1: DescargarArchivo ({TipoTransferencias=Transferencias Entre Cuentas Propias, NumeroProcesoValidar=, Paginas=2-3, NumeroProcesoBuscar=2853-2826, ProductoOrigen=--SELECCIONE EL PRODUCTO--, FechaCreacionEntre=01/03/2024, FechaCreacionHasta=12/03/2024, Creador=-- SELECCIONE --, ProductoDestino=--SELECCIONE EL PRODUCTO--, ListaPaginas=, TotalTransferencias=46, Transferencias Seleccionadas=1, TipoDeArchivo=EXCEL})
18:48:58.193 [LUCY] INFO  c.c.b.T.A.utils.DeleteFiles - 
 nombre de archivo: 20240314222913.xlsx
18:48:58.197 [LUCY] INFO  c.c.b.T.A.utils.DeleteFiles - Se ha eliminado el archivo exitosamente
18:48:58.197 [LUCY] INFO  c.c.b.T.A.utils.DeleteFiles - 
 nombre de archivo: 20240314231736.xlsx
18:48:58.201 [LUCY] INFO  c.c.b.T.A.utils.DeleteFiles - Se ha eliminado el archivo exitosamente
18:48:58.203 [LUCY] INFO  c.c.b.T.A.Hooks.Hook - ****** INICIO LOGIN ******
18:48:58.662 [LUCY] INFO   - |---- Cliente Corporativo opens the Login page
